<?xml version="1.0" encoding="UTF-8"?>
<!-- Generated by org.testng.reporters.JUnitReportReporter -->
<testsuite skipped="0" hostname="Jagadeesh2" name="org.testng_runner.TestNG_Runner" tests="6" failures="0" timestamp="2021-10-02T13:20:24 IST" time="26.316" errors="0">
  <testcase name="home_Page" time="4.451" classname="org.testng_runner.TestNG_Runner"/>
  <system-out/>
  <testcase name="search_Hotel" time="6.137" classname="org.testng_runner.TestNG_Runner"/>
  <system-out/>
  <testcase name="select_Hotel" time="2.243" classname="org.testng_runner.TestNG_Runner"/>
  <system-out/>
  <testcase name="book_Now" time="4.266" classname="org.testng_runner.TestNG_Runner"/>
  <system-out/>
  <testcase name="booking_Confirm" time="7.951" classname="org.testng_runner.TestNG_Runner"/>
  <system-out/>
  <testcase name="iteinerary" time="1.268" classname="org.testng_runner.TestNG_Runner"/>
  <system-out/>
</testsuite> <!-- org.testng_runner.TestNG_Runner -->
